Copyright 1986-2022 Xilinx, Inc. All Rights Reserved. Copyright 2022-2023 Advanced Micro Devices, Inc. All Rights Reserved.
---------------------------------------------------------------------------------------------------------------------------------------------
| Tool Version : Vivado v.2023.1 (win64) Build 3865809 Sun May  7 15:05:29 MDT 2023
| Date         : Wed Feb  7 13:50:28 2024
| Host         : LAPTOP-VRI1VQ46 running 64-bit major release  (build 9200)
| Command      : report_clock_utilization -file pid_gen_clock_utilization_routed.rpt
| Design       : pid_gen
| Device       : 7a100t-csg324
| Speed File   : -1  PRODUCTION 1.23 2018-06-13
| Design State : Routed
---------------------------------------------------------------------------------------------------------------------------------------------

Clock Utilization Report

Table of Contents
-----------------
1. Clock Primitive Utilization
2. Global Clock Resources
3. Global Clock Source Details
4. Clock Regions: Key Resource Utilization
5. Clock Regions : Global Clock Summary
6. Device Cell Placement Summary for Global Clock g0
7. Device Cell Placement Summary for Global Clock g1
8. Device Cell Placement Summary for Global Clock g2
9. Device Cell Placement Summary for Global Clock g3
10. Device Cell Placement Summary for Global Clock g4
11. Clock Region Cell Placement per Global Clock: Region X0Y1

1. Clock Primitive Utilization
------------------------------

+----------+------+-----------+-----+--------------+--------+
| Type     | Used | Available | LOC | Clock Region | Pblock |
+----------+------+-----------+-----+--------------+--------+
| BUFGCTRL |    5 |        32 |   0 |            0 |      0 |
| BUFH     |    0 |        96 |   0 |            0 |      0 |
| BUFIO    |    0 |        24 |   0 |            0 |      0 |
| BUFMR    |    0 |        12 |   0 |            0 |      0 |
| BUFR     |    0 |        24 |   0 |            0 |      0 |
| MMCM     |    0 |         6 |   0 |            0 |      0 |
| PLL      |    0 |         6 |   0 |            0 |      0 |
+----------+------+-----------+-----+--------------+--------+


2. Global Clock Resources
-------------------------

+-----------+-----------+-----------------+------------+---------------+--------------+-------------------+-------------+-----------------+--------------+-------+--------------------------+-------------------+
| Global Id | Source Id | Driver Type/Pin | Constraint | Site          | Clock Region | Load Clock Region | Clock Loads | Non-Clock Loads | Clock Period | Clock | Driver Pin               | Net               |
+-----------+-----------+-----------------+------------+---------------+--------------+-------------------+-------------+-----------------+--------------+-------+--------------------------+-------------------+
| g0        | src0      | BUFG/O          | None       | BUFGCTRL_X0Y0 | n/a          |                 1 |          64 |               0 |              |       | ek2__0_BUFG_inst/O       | ek2__0_BUFG       |
| g1        | src1      | BUFG/O          | None       | BUFGCTRL_X0Y1 | n/a          |                 1 |          32 |               0 |              |       | n_0_89_BUFG_inst/O       | n_0_89_BUFG       |
| g2        | src2      | BUFG/O          | None       | BUFGCTRL_X0Y2 | n/a          |                 1 |          32 |               0 |              |       | n_1_88_BUFG_inst/O       | n_1_88_BUFG       |
| g3        | src3      | BUFG/O          | None       | BUFGCTRL_X0Y3 | n/a          |                 1 |          32 |               0 |              |       | n_2_236_BUFG_inst/O      | n_2_236_BUFG      |
| g4        | src4      | BUFG/O          | None       | BUFGCTRL_X0Y4 | n/a          |                 1 |           4 |               0 |              |       | CLK_PID_IBUF_BUFG_inst/O | CLK_PID_IBUF_BUFG |
+-----------+-----------+-----------------+------------+---------------+--------------+-------------------+-------------+-----------------+--------------+-------+--------------------------+-------------------+
* Clock Loads column represents cell count of net connects that connect to a clock pin. Internal cell leaf pins are not considered
** Non-Clock Loads column represents cell count of non-clock pin loads


3. Global Clock Source Details
------------------------------

+-----------+-----------+-----------------+------------+-------------+--------------+-------------+-----------------+---------------------+--------------+-------------------------+-----------------------+
| Source Id | Global Id | Driver Type/Pin | Constraint | Site        | Clock Region | Clock Loads | Non-Clock Loads | Source Clock Period | Source Clock | Driver Pin              | Net                   |
+-----------+-----------+-----------------+------------+-------------+--------------+-------------+-----------------+---------------------+--------------+-------------------------+-----------------------+
| src0      | g0        | LUT3/O          | None       | SLICE_X8Y90 | X0Y1         |           1 |               0 |                     |              | ek2__0_BUFG_inst_i_1/O  | ek2__0                |
| src1      | g1        | LUT3/O          | None       | SLICE_X8Y90 | X0Y1         |           1 |               0 |                     |              | n_0_89_BUFG_inst_i_1/O  | n_0_89_BUFG_inst_n_1  |
| src2      | g2        | LUT6/O          | None       | SLICE_X7Y88 | X0Y1         |           1 |               0 |                     |              | n_1_88_BUFG_inst_i_1/O  | n_1_88_BUFG_inst_n_2  |
| src3      | g3        | LUT4/O          | None       | SLICE_X8Y90 | X0Y1         |           1 |               0 |                     |              | n_2_236_BUFG_inst_i_1/O | n_2_236_BUFG_inst_n_3 |
| src4      | g4        | IBUF/O          | None       | IOB_X0Y78   | X0Y1         |           1 |               0 |                     |              | CLK_PID_IBUF_inst/O     | CLK_PID_IBUF          |
+-----------+-----------+-----------------+------------+-------------+--------------+-------------+-----------------+---------------------+--------------+-------------------------+-----------------------+
* Clock Loads column represents cell count of net connects that connect to a clock pin. Internal cell leaf pins are not considered
** Non-Clock Loads column represents cell count of non-clock pin loads


4. Clock Regions: Key Resource Utilization
------------------------------------------

+-------------------+--------------+--------------+--------------+--------------+--------------+--------------+--------------+--------------+--------------+--------------+--------------+--------------+--------------+--------------+--------------+
|                   | Global Clock |     BUFRs    |    BUFMRs    |    BUFIOs    |     MMCM     |      PLL     |      GT      |      PCI     |    ILOGIC    |    OLOGIC    |      FF      |     LUTM     |    RAMB18    |    RAMB36    |    DSP48E2   |
+-------------------+------+-------+------+-------+------+-------+------+-------+------+-------+------+-------+------+-------+------+-------+------+-------+------+-------+------+-------+------+-------+------+-------+------+-------+------+-------+
| Clock Region Name | Used | Avail | Used | Avail | Used | Avail | Used | Avail | Used | Avail | Used | Avail | Used | Avail | Used | Avail | Used | Avail | Used | Avail | Used | Avail | Used | Avail | Used | Avail | Used | Avail | Used | Avail |
+-------------------+------+-------+------+-------+------+-------+------+-------+------+-------+------+-------+------+-------+------+-------+------+-------+------+-------+------+-------+------+-------+------+-------+------+-------+------+-------+
| X0Y0              |    0 |    12 |    0 |     4 |    0 |     2 |    0 |     4 |    0 |     1 |    0 |     1 |    0 |     0 |    0 |     0 |    0 |    50 |    0 |    50 |    0 |  2600 |    0 |   600 |    0 |    20 |    0 |    10 |    0 |    20 |
| X1Y0              |    0 |    12 |    0 |     0 |    0 |     0 |    0 |     0 |    0 |     0 |    0 |     0 |    0 |     4 |    0 |     0 |    0 |     0 |    0 |     0 |    0 |  1500 |    0 |   550 |    0 |    40 |    0 |    20 |    0 |    40 |
| X0Y1              |    5 |    12 |    0 |     4 |    0 |     2 |    0 |     4 |    0 |     1 |    0 |     1 |    0 |     0 |    0 |     0 |    0 |    50 |    0 |    50 |    4 |  2000 |   79 |   600 |    0 |    20 |    0 |    10 |    0 |    20 |
| X1Y1              |    0 |    12 |    0 |     4 |    0 |     2 |    0 |     4 |    0 |     1 |    0 |     1 |    0 |     0 |    0 |     0 |    0 |    50 |    0 |    50 |    0 |  1900 |    0 |   650 |    0 |    60 |    0 |    30 |    0 |    40 |
| X0Y2              |    0 |    12 |    0 |     4 |    0 |     2 |    0 |     4 |    0 |     1 |    0 |     1 |    0 |     0 |    0 |     0 |    0 |    50 |    0 |    50 |    0 |  2000 |    0 |   600 |    0 |    20 |    0 |    10 |    0 |    20 |
| X1Y2              |    0 |    12 |    0 |     4 |    0 |     2 |    0 |     4 |    0 |     1 |    0 |     1 |    0 |     0 |    0 |     0 |    0 |    50 |    0 |    50 |    0 |  1900 |    0 |   650 |    0 |    60 |    0 |    30 |    0 |    40 |
| X0Y3              |    0 |    12 |    0 |     4 |    0 |     2 |    0 |     4 |    0 |     1 |    0 |     1 |    0 |     0 |    0 |     0 |    0 |    50 |    0 |    50 |    0 |  2600 |    0 |   600 |    0 |    20 |    0 |    10 |    0 |    20 |
| X1Y3              |    0 |    12 |    0 |     0 |    0 |     0 |    0 |     0 |    0 |     0 |    0 |     0 |    0 |     4 |    0 |     1 |    0 |     0 |    0 |     0 |    0 |  1350 |    0 |   500 |    0 |    30 |    0 |    15 |    0 |    40 |
+-------------------+------+-------+------+-------+------+-------+------+-------+------+-------+------+-------+------+-------+------+-------+------+-------+------+-------+------+-------+------+-------+------+-------+------+-------+------+-------+
* Global Clock column represents track count; while other columns represents cell counts


5. Clock Regions : Global Clock Summary
---------------------------------------

All Modules
+----+----+----+
|    | X0 | X1 |
+----+----+----+
| Y3 |  0 |  0 |
| Y2 |  0 |  0 |
| Y1 |  0 |  0 |
| Y0 |  0 |  0 |
+----+----+----+


6. Device Cell Placement Summary for Global Clock g0
----------------------------------------------------

+-----------+-----------------+-------------------+-------+-------------+---------------+-------------+----------+----------------+----------+-------------+
| Global Id | Driver Type/Pin | Driver Region (D) | Clock | Period (ns) | Waveform (ns) | Slice Loads | IO Loads | Clocking Loads | GT Loads | Net         |
+-----------+-----------------+-------------------+-------+-------------+---------------+-------------+----------+----------------+----------+-------------+
| g0        | BUFG/O          | n/a               |       |             |               |          64 |        0 |              0 |        0 | ek2__0_BUFG |
+-----------+-----------------+-------------------+-------+-------------+---------------+-------------+----------+----------------+----------+-------------+
* Slice Loads column represents load cell count of all cell types other than IO, GT and clock resources
** IO Loads column represents load cell count of IO types
*** Clocking Loads column represents load cell count that are clock resources (global clock buffer, MMCM, PLL, etc)
**** GT Loads column represents load cell count of GT types


+----+-----+----+-----------------------+
|    | X0  | X1 | HORIZONTAL PROG DELAY |
+----+-----+----+-----------------------+
| Y3 |   0 |  0 |                     - |
| Y2 |   0 |  0 |                     - |
| Y1 |  64 |  0 |                     0 |
| Y0 |   0 |  0 |                     - |
+----+-----+----+-----------------------+


7. Device Cell Placement Summary for Global Clock g1
----------------------------------------------------

+-----------+-----------------+-------------------+-------+-------------+---------------+-------------+----------+----------------+----------+-------------+
| Global Id | Driver Type/Pin | Driver Region (D) | Clock | Period (ns) | Waveform (ns) | Slice Loads | IO Loads | Clocking Loads | GT Loads | Net         |
+-----------+-----------------+-------------------+-------+-------------+---------------+-------------+----------+----------------+----------+-------------+
| g1        | BUFG/O          | n/a               |       |             |               |          32 |        0 |              0 |        0 | n_0_89_BUFG |
+-----------+-----------------+-------------------+-------+-------------+---------------+-------------+----------+----------------+----------+-------------+
* Slice Loads column represents load cell count of all cell types other than IO, GT and clock resources
** IO Loads column represents load cell count of IO types
*** Clocking Loads column represents load cell count that are clock resources (global clock buffer, MMCM, PLL, etc)
**** GT Loads column represents load cell count of GT types


+----+-----+----+-----------------------+
|    | X0  | X1 | HORIZONTAL PROG DELAY |
+----+-----+----+-----------------------+
| Y3 |   0 |  0 |                     - |
| Y2 |   0 |  0 |                     - |
| Y1 |  32 |  0 |                     0 |
| Y0 |   0 |  0 |                     - |
+----+-----+----+-----------------------+


8. Device Cell Placement Summary for Global Clock g2
----------------------------------------------------

+-----------+-----------------+-------------------+-------+-------------+---------------+-------------+----------+----------------+----------+-------------+
| Global Id | Driver Type/Pin | Driver Region (D) | Clock | Period (ns) | Waveform (ns) | Slice Loads | IO Loads | Clocking Loads | GT Loads | Net         |
+-----------+-----------------+-------------------+-------+-------------+---------------+-------------+----------+----------------+----------+-------------+
| g2        | BUFG/O          | n/a               |       |             |               |          32 |        0 |              0 |        0 | n_1_88_BUFG |
+-----------+-----------------+-------------------+-------+-------------+---------------+-------------+----------+----------------+----------+-------------+
* Slice Loads column represents load cell count of all cell types other than IO, GT and clock resources
** IO Loads column represents load cell count of IO types
*** Clocking Loads column represents load cell count that are clock resources (global clock buffer, MMCM, PLL, etc)
**** GT Loads column represents load cell count of GT types


+----+-----+----+-----------------------+
|    | X0  | X1 | HORIZONTAL PROG DELAY |
+----+-----+----+-----------------------+
| Y3 |   0 |  0 |                     - |
| Y2 |   0 |  0 |                     - |
| Y1 |  32 |  0 |                     0 |
| Y0 |   0 |  0 |                     - |
+----+-----+----+-----------------------+


9. Device Cell Placement Summary for Global Clock g3
----------------------------------------------------

+-----------+-----------------+-------------------+-------+-------------+---------------+-------------+----------+----------------+----------+--------------+
| Global Id | Driver Type/Pin | Driver Region (D) | Clock | Period (ns) | Waveform (ns) | Slice Loads | IO Loads | Clocking Loads | GT Loads | Net          |
+-----------+-----------------+-------------------+-------+-------------+---------------+-------------+----------+----------------+----------+--------------+
| g3        | BUFG/O          | n/a               |       |             |               |          32 |        0 |              0 |        0 | n_2_236_BUFG |
+-----------+-----------------+-------------------+-------+-------------+---------------+-------------+----------+----------------+----------+--------------+
* Slice Loads column represents load cell count of all cell types other than IO, GT and clock resources
** IO Loads column represents load cell count of IO types
*** Clocking Loads column represents load cell count that are clock resources (global clock buffer, MMCM, PLL, etc)
**** GT Loads column represents load cell count of GT types


+----+-----+----+-----------------------+
|    | X0  | X1 | HORIZONTAL PROG DELAY |
+----+-----+----+-----------------------+
| Y3 |   0 |  0 |                     - |
| Y2 |   0 |  0 |                     - |
| Y1 |  32 |  0 |                     0 |
| Y0 |   0 |  0 |                     - |
+----+-----+----+-----------------------+


10. Device Cell Placement Summary for Global Clock g4
-----------------------------------------------------

+-----------+-----------------+-------------------+-------+-------------+---------------+-------------+----------+----------------+----------+-------------------+
| Global Id | Driver Type/Pin | Driver Region (D) | Clock | Period (ns) | Waveform (ns) | Slice Loads | IO Loads | Clocking Loads | GT Loads | Net               |
+-----------+-----------------+-------------------+-------+-------------+---------------+-------------+----------+----------------+----------+-------------------+
| g4        | BUFG/O          | n/a               |       |             |               |           4 |        0 |              0 |        0 | CLK_PID_IBUF_BUFG |
+-----------+-----------------+-------------------+-------+-------------+---------------+-------------+----------+----------------+----------+-------------------+
* Slice Loads column represents load cell count of all cell types other than IO, GT and clock resources
** IO Loads column represents load cell count of IO types
*** Clocking Loads column represents load cell count that are clock resources (global clock buffer, MMCM, PLL, etc)
**** GT Loads column represents load cell count of GT types


+----+----+----+-----------------------+
|    | X0 | X1 | HORIZONTAL PROG DELAY |
+----+----+----+-----------------------+
| Y3 |  0 |  0 |                     - |
| Y2 |  0 |  0 |                     - |
| Y1 |  4 |  0 |                     0 |
| Y0 |  0 |  0 |                     - |
+----+----+----+-----------------------+


11. Clock Region Cell Placement per Global Clock: Region X0Y1
-------------------------------------------------------------

+-----------+-------+-----------------+------------+-------------+-----------------+----+-------------+------+-----+----+------+-----+---------+-------------------+
| Global Id | Track | Driver Type/Pin | Constraint | Clock Loads | Non-Clock Loads | FF | Memory LUTs | RAMB | DSP | GT | MMCM | PLL | Hard IP | Net               |
+-----------+-------+-----------------+------------+-------------+-----------------+----+-------------+------+-----+----+------+-----+---------+-------------------+
| g0        | n/a   | BUFG/O          | None       |          64 |               0 |  0 |           0 |    0 |   0 |  0 |    0 |   0 |       0 | ek2__0_BUFG       |
| g1        | n/a   | BUFG/O          | None       |          32 |               0 |  0 |           0 |    0 |   0 |  0 |    0 |   0 |       0 | n_0_89_BUFG       |
| g2        | n/a   | BUFG/O          | None       |          32 |               0 |  0 |           0 |    0 |   0 |  0 |    0 |   0 |       0 | n_1_88_BUFG       |
| g3        | n/a   | BUFG/O          | None       |          32 |               0 |  0 |           0 |    0 |   0 |  0 |    0 |   0 |       0 | n_2_236_BUFG      |
| g4        | n/a   | BUFG/O          | None       |           4 |               0 |  4 |           0 |    0 |   0 |  0 |    0 |   0 |       0 | CLK_PID_IBUF_BUFG |
+-----------+-------+-----------------+------------+-------------+-----------------+----+-------------+------+-----+----+------+-----+---------+-------------------+
* Clock Loads column represents cell count of net connects that connect to a clock pin. Internal cell leaf pins are not considered
** Non-Clock Loads column represents cell count of non-clock pin loads
*** Columns FF, LUTRAM, RAMB through 'Hard IP' represents load cell counts



# Location of BUFG Primitives 
set_property LOC BUFGCTRL_X0Y3 [get_cells n_2_236_BUFG_inst]
set_property LOC BUFGCTRL_X0Y2 [get_cells n_1_88_BUFG_inst]
set_property LOC BUFGCTRL_X0Y1 [get_cells n_0_89_BUFG_inst]
set_property LOC BUFGCTRL_X0Y0 [get_cells ek2__0_BUFG_inst]
set_property LOC BUFGCTRL_X0Y4 [get_cells CLK_PID_IBUF_BUFG_inst]

# Location of IO Primitives which is load of clock spine

# Location of clock ports
set_property LOC IOB_X0Y78 [get_ports CLK_PID]

# Clock net "n_2_236_BUFG" driven by instance "n_2_236_BUFG_inst" located at site "BUFGCTRL_X0Y3"
#startgroup
create_pblock {CLKAG_n_2_236_BUFG}
add_cells_to_pblock [get_pblocks  {CLKAG_n_2_236_BUFG}] [get_cells -filter { PRIMITIVE_GROUP != I/O && IS_PRIMITIVE==1 && PRIMITIVE_LEVEL !=INTERNAL } -of_object [get_pins -leaf -filter {DIRECTION==IN} -of_objects [get_nets {n_2_236_BUFG}]]]
resize_pblock [get_pblocks {CLKAG_n_2_236_BUFG}] -add {CLOCKREGION_X0Y1:CLOCKREGION_X0Y1}
#endgroup

# Clock net "n_1_88_BUFG" driven by instance "n_1_88_BUFG_inst" located at site "BUFGCTRL_X0Y2"
#startgroup
create_pblock {CLKAG_n_1_88_BUFG}
add_cells_to_pblock [get_pblocks  {CLKAG_n_1_88_BUFG}] [get_cells -filter { PRIMITIVE_GROUP != I/O && IS_PRIMITIVE==1 && PRIMITIVE_LEVEL !=INTERNAL } -of_object [get_pins -leaf -filter {DIRECTION==IN} -of_objects [get_nets {n_1_88_BUFG}]]]
resize_pblock [get_pblocks {CLKAG_n_1_88_BUFG}] -add {CLOCKREGION_X0Y1:CLOCKREGION_X0Y1}
#endgroup

# Clock net "n_0_89_BUFG" driven by instance "n_0_89_BUFG_inst" located at site "BUFGCTRL_X0Y1"
#startgroup
create_pblock {CLKAG_n_0_89_BUFG}
add_cells_to_pblock [get_pblocks  {CLKAG_n_0_89_BUFG}] [get_cells -filter { PRIMITIVE_GROUP != I/O && IS_PRIMITIVE==1 && PRIMITIVE_LEVEL !=INTERNAL } -of_object [get_pins -leaf -filter {DIRECTION==IN} -of_objects [get_nets {n_0_89_BUFG}]]]
resize_pblock [get_pblocks {CLKAG_n_0_89_BUFG}] -add {CLOCKREGION_X0Y1:CLOCKREGION_X0Y1}
#endgroup

# Clock net "ek2__0_BUFG" driven by instance "ek2__0_BUFG_inst" located at site "BUFGCTRL_X0Y0"
#startgroup
create_pblock {CLKAG_ek2__0_BUFG}
add_cells_to_pblock [get_pblocks  {CLKAG_ek2__0_BUFG}] [get_cells -filter { PRIMITIVE_GROUP != I/O && IS_PRIMITIVE==1 && PRIMITIVE_LEVEL !=INTERNAL } -of_object [get_pins -leaf -filter {DIRECTION==IN} -of_objects [get_nets {ek2__0_BUFG}]]]
resize_pblock [get_pblocks {CLKAG_ek2__0_BUFG}] -add {CLOCKREGION_X0Y1:CLOCKREGION_X0Y1}
#endgroup

# Clock net "CLK_PID_IBUF_BUFG" driven by instance "CLK_PID_IBUF_BUFG_inst" located at site "BUFGCTRL_X0Y4"
#startgroup
create_pblock {CLKAG_CLK_PID_IBUF_BUFG}
add_cells_to_pblock [get_pblocks  {CLKAG_CLK_PID_IBUF_BUFG}] [get_cells -filter { PRIMITIVE_GROUP != I/O && IS_PRIMITIVE==1 && PRIMITIVE_LEVEL !=INTERNAL } -of_object [get_pins -leaf -filter {DIRECTION==IN} -of_objects [get_nets {CLK_PID_IBUF_BUFG}]]]
resize_pblock [get_pblocks {CLKAG_CLK_PID_IBUF_BUFG}] -add {CLOCKREGION_X0Y1:CLOCKREGION_X0Y1}
#endgroup
